<?xml version="1.0" encoding="UTF-8"?>
<!-- Generated by org.testng.reporters.JUnitXMLReporter -->
<testsuite ignored="0" hostname="DESKTOP-VSPPNLI" failures="1" tests="4" name="Loginpage" time="46.931" errors="0" timestamp="2022-04-29T17:41:12 IST">
  <testcase classname="testingbaba_test.Testingbaba_textbox_test" name="clickonElements" time="0.22"/>
  <testcase classname="testingbaba_test.Testingbaba_textbox_test" name="clickontextbox" time="0.344"/>
  <testcase classname="testingbaba_test.Testingbaba_textbox_test" name="filldetails" time="1.518"/>
  <testcase classname="testingbaba_test.Testingbaba_textbox_test" name="getverifytextboxData" time="0.355">
    <failure type="java.lang.AssertionError" message="The following asserts failed:
	expected [Name :-] but found [Adilkamal]">
      <![CDATA[java.lang.AssertionError: The following asserts failed:
expected [Name :-] but found [Adilkamal]
at testingbaba_pages.Testingbaba_textbox_page.getverifytextboxData(Testingbaba_textbox_page.java:90)
at testingbaba_test.Testingbaba_textbox_test.getverifytextboxData(Testingbaba_textbox_test.java:38)
at java.base/java.util.ArrayList.forEach(ArrayList.java:1511)
... Removed 29 stack frames]]>
    </failure>
  </testcase> <!-- getverifytextboxData -->
</testsuite> <!-- Loginpage -->
